[08:14:52] [ServerMain/INFO]: [bootstrap] Running Java 21 (OpenJDK 64-Bit Server VM 21.0.4+7-Ubuntu-1ubuntu220.04; Ubuntu null) on Linux 5.15.0-1069-gcp (amd64)
[08:14:52] [ServerMain/INFO]: [bootstrap] Loading Paper 1.21.1-116-master@e7e1ab5 (2024-09-30T23:17:54Z) for Minecraft 1.21.1
[08:14:53] [ServerMain/INFO]: [PluginInitializerManager] Initializing plugins...
[08:14:53] [ServerMain/INFO]: [PluginInitializerManager] Initialized 3 plugins
[08:14:53] [ServerMain/INFO]: [PluginInitializerManager] Bukkit plugins (3):
 - BedWars (0.2.34), Images (2.5.1), SBA (1.5.13.4)
[08:15:00] [ServerMain/INFO]: Environment: Environment[sessionHost=https://sessionserver.mojang.com, servicesHost=https://api.minecraftservices.com, name=PROD]
[08:15:03] [ServerMain/INFO]: Loaded 1290 recipes
[08:15:03] [ServerMain/INFO]: Loaded 1399 advancements
[08:15:03] [Server thread/INFO]: Starting minecraft server version 1.21.1
[08:15:03] [Server thread/INFO]: Loading properties
[08:15:04] [Server thread/INFO]: This server is running Paper version 1.21.1-116-master@e7e1ab5 (2024-09-30T23:17:54Z) (Implementing API version 1.21.1-R0.1-SNAPSHOT)
[08:15:05] [Server thread/INFO]: [spark] This server bundles the spark profiler. For more information please visit https://docs.papermc.io/paper/profiling
[08:15:05] [Server thread/INFO]: Server Ping Player Sample Count: 12
[08:15:05] [Server thread/INFO]: Using 4 threads for Netty based IO
[08:15:06] [Server thread/INFO]: [ChunkTaskScheduler] Chunk system is using 1 I/O threads, 1 worker threads, and population gen parallelism of 1 threads
[08:15:06] [Server thread/INFO]: Default game type: SURVIVAL
[08:15:06] [Server thread/INFO]: Generating keypair
[08:15:06] [Server thread/INFO]: Starting Minecraft server on *:25565
[08:15:06] [Server thread/INFO]: Using epoll channel type
[08:15:06] [Server thread/INFO]: Paper: Using libdeflate (Linux x86_64) compression from Velocity.
[08:15:06] [Server thread/INFO]: Paper: Using OpenSSL 1.1.x (Linux x86_64) cipher from Velocity.
[08:15:07] [Server thread/INFO]: [BedWars] Loading server plugin BedWars v0.2.34
[08:15:07] [Server thread/INFO]: [Images] Loading server plugin Images v2.5.1
[08:15:07] [Server thread/INFO]: [SBA] Loading server plugin SBA v1.5.13.4
[08:15:11] [Server thread/INFO]: Server permissions file permissions.yml is empty, ignoring it
[08:15:11] [Server thread/WARN]: **** SERVER IS RUNNING IN OFFLINE/INSECURE MODE!
[08:15:11] [Server thread/WARN]: The server will make no attempt to authenticate usernames. Beware.
[08:15:11] [Server thread/WARN]: While this makes the game possible to play without internet access, it also opens up the ability for hackers to connect with any username they choose.
[08:15:11] [Server thread/WARN]: To change this, set "online-mode" to "true" in the server.properties file.
[08:15:11] [Server thread/INFO]: Preparing level "world"
[08:15:11] [Server thread/INFO]: Preparing start region for dimension minecraft:overworld
[08:15:12] [Server thread/INFO]: Time elapsed: 709 ms
[08:15:12] [Server thread/INFO]: Preparing start region for dimension minecraft:the_end
[08:15:12] [Server thread/INFO]: Time elapsed: 546 ms
[08:15:12] [Server thread/INFO]: [BedWars] Enabling BedWars v0.2.34
[08:15:12] [Server thread/INFO]: [BedWars] Successfully loaded messages for BedWars! Language: English
[08:15:12] [Server thread/INFO]: [BedWars] Loading statistics from YAML-File ...
[08:15:13] [Server thread/INFO]: =====================  by ScreamingSandals <Misat11, Iamceph, Pronze>
[08:15:13] [Server thread/INFO]: + Screaming BedWars +  Version: 0.2.34 FREE
[08:15:13] [Server thread/INFO]: =====================  STABLE VERSION
[08:15:13] [Server thread/INFO]: [BW] Arena vania loaded!
[08:15:13] [Server thread/INFO]: Everything is loaded! If you like our work, consider visiting our Patreon! <3
[08:15:13] [Server thread/INFO]: https://www.patreon.com/screamingsandals
[08:15:13] [Server thread/INFO]: [Images] Enabling Images v2.5.1
[08:15:14] [Server thread/INFO]: [SBA] Enabling SBA v1.5.13.4
[08:15:15] [Thread-6/INFO]: No updates found
[08:15:16] [Server thread/INFO]: [SBA] SBA initialized using Bedwars 0.2.34
[08:15:16] [Server thread/INFO]: [SBA] Plugin has finished loading!
[08:15:16] [Server thread/INFO]: [SBA] SBA Initialized on JAVA 21.0.4
[08:15:16] [Server thread/INFO]: [SBA] SBA Commit is on par with e0fd01e
[08:15:16] [Server thread/INFO]: [spark] Starting background profiler...
[08:15:16] [Server thread/INFO]: Done preparing level "world" (5.649s)
[08:15:16] [Server thread/INFO]: Running delayed init tasks
[08:15:16] [Server thread/INFO]: Done (25.289s)! For help, type "help"
[08:15:16] [Server thread/INFO]: Timings Reset
[08:15:18] [Craft Scheduler Thread - 2 - Images/INFO]: [Images] Loaded 0 images...
[08:16:01] [User Authenticator #0/INFO]: UUID of player gitityhead is d57e8535-52f3-35e1-87eb-f49a9cd1bab2
[08:16:02] [Server thread/INFO]: gitityhead joined the game
[08:16:02] [Server thread/INFO]: gitityhead[/103.164.190.106:63835] logged in with entity id 11 at ([world]-2.9612390452282438, 118.0, -0.09976698523186565)
[08:16:06] [Server thread/INFO]: gitityhead issued server command: /gamemode spectator
[08:16:06] [Server thread/INFO]: [gitityhead: Set own game mode to Spectator Mode]
[08:16:08] [Server thread/INFO]: gitityhead issued server command: /gamemode creative
[08:16:08] [Server thread/INFO]: [gitityhead: Set own game mode to Creative Mode]
[08:16:13] [Server thread/INFO]: gitityhead issued server command: /tp ~ ~100 ~
[08:16:13] [Server thread/INFO]: [gitityhead: Teleported gitityhead to -2.961239, 218.000000, -0.099767]
[08:16:13] [Server thread/WARN]: gitityhead moved too quickly! 0.0,-337.2098115929861,0.0
[08:16:37] [Server thread/INFO]: gitityhead issued server command: /image create vania.jpeg
[08:16:53] [Craft Scheduler Thread - 12 - Images/INFO]: Map color cache not found, building it in the background
[08:17:58] [Worker-Main-1/INFO]: Map color cache build successfully
[08:18:10] [Server thread/INFO]: gitityhead issued server command: /image delete near gitityhead
[08:18:16] [Server thread/INFO]: gitityhead issued server command: /image delete near vania.jpeg
[08:18:20] [Server thread/INFO]: gitityhead issued server command: /image delete near gitityhead gitityhead gitityhead gitityhead
[08:18:25] [Server thread/INFO]: gitityhead issued server command: /image delete gitityhead
[08:18:38] [Server thread/INFO]: gitityhead issued server command: /image create vania.jpeg
[08:18:55] [Server thread/INFO]: gitityhead issued server command: /image create vania.jpeg
[08:20:00] [Server thread/INFO]: gitityhead issued server command: /image delete gitityhead
[08:20:06] [Server thread/INFO]: gitityhead issued server command: /image delete gitityhead
[08:20:20] [Server thread/INFO]: gitityhead lost connection: Disconnected
[08:20:20] [Server thread/INFO]: gitityhead left the game
[10:08:08] [User Authenticator #1/INFO]: UUID of player ipxGaming is da5dbc9e-f623-30ad-8818-6ff24ea01ad2
[10:08:10] [Server thread/INFO]: ipxGaming joined the game
[10:08:10] [Server thread/INFO]: ipxGaming[/103.164.190.106:17251] logged in with entity id 303 at ([world]6.5, 122.0, 3.5)
[10:08:42] [User Authenticator #1/INFO]: UUID of player gitityhead is d57e8535-52f3-35e1-87eb-f49a9cd1bab2
[10:08:42] [Server thread/INFO]: gitityhead joined the game
[10:08:42] [Server thread/INFO]: gitityhead[/103.164.190.106:64174] logged in with entity id 317 at ([world]60.278867917452075, 72.86027492320969, 0.38193782527100195)
[10:08:46] [Server thread/INFO]: gitityhead issued server command: /gamemode creative
[10:08:46] [Server thread/INFO]: [gitityhead: Set own game mode to Creative Mode]
[10:08:49] [Server thread/INFO]: gitityhead fell out of the world
[10:09:00] [Server thread/INFO]: gitityhead issued server command: /images:image create vania.jpeg
[10:09:35] [Server thread/INFO]: gitityhead issued server command: /bw alljoin
[10:09:42] [Server thread/INFO]: ipxGaming has made the advancement [Acquire Hardware]
[10:10:18] [Server thread/INFO]: ipxGaming lost connection: Disconnected
[10:10:18] [Server thread/INFO]: ipxGaming left the game
[10:10:22] [Server thread/WARN]: gitityhead moved too quickly! 28.714351478192626,52.0,61.86393110183209
[10:10:33] [Server thread/INFO]: gitityhead lost connection: Disconnected
[10:10:33] [Server thread/INFO]: gitityhead left the game
[10:53:43] [User Authenticator #2/INFO]: UUID of player gitityhead is d57e8535-52f3-35e1-87eb-f49a9cd1bab2
[10:53:44] [Server thread/INFO]: gitityhead joined the game
[10:53:44] [Server thread/INFO]: gitityhead[/103.164.190.106:64658] logged in with entity id 643 at ([world]0.6577661375799863, 118.0, 3.3365508166644244)
[10:53:53] [Server thread/INFO]: gitityhead issued server command: /image create chris.jpg
[10:53:58] [Server thread/INFO]: gitityhead issued server command: /gamemode creative
[10:53:58] [Server thread/INFO]: [gitityhead: Set own game mode to Creative Mode]
[10:54:10] [Server thread/INFO]: gitityhead issued server command: /image create pie.jpeg
[10:54:25] [Server thread/INFO]: gitityhead issued server command: /image delete gitityhead
[10:54:56] [Server thread/INFO]: gitityhead issued server command: /image delete gitityhead
[10:55:05] [Server thread/INFO]: gitityhead issued server command: /bw admin vania edit
[10:55:22] [Server thread/INFO]: gitityhead issued server command: /image delete gitityhead
[10:55:50] [Server thread/INFO]: gitityhead issued server command: /image create vania.jpeg
[10:56:00] [Server thread/INFO]: gitityhead issued server command: /image delete gitityhead
[10:56:06] [Server thread/INFO]: gitityhead issued server command: /image create vania.jpeg
[10:56:55] [Server thread/INFO]: gitityhead issued server command: /image create vania.jpeg
[10:57:17] [Server thread/INFO]: gitityhead issued server command: /image create vania.jpeg
[10:57:38] [Server thread/INFO]: gitityhead issued server command: /image create vania.jpeg
[10:58:00] [Server thread/INFO]: gitityhead issued server command: /bw admin vania save
[10:58:03] [Server thread/INFO]: gitityhead lost connection: Disconnected
[10:58:03] [Server thread/INFO]: gitityhead left the game
[11:28:22] [User Authenticator #3/INFO]: UUID of player gitityhead is d57e8535-52f3-35e1-87eb-f49a9cd1bab2
[11:28:22] [Server thread/INFO]: gitityhead joined the game
[11:28:22] [Server thread/INFO]: gitityhead[/103.68.136.194:49954] logged in with entity id 1977 at ([world]11.456807565949664, 79.0, 22.798870119205112)
[11:28:30] [Server thread/INFO]: gitityhead issued server command: /gamemode creative
[11:28:30] [Server thread/INFO]: [gitityhead: Set own game mode to Creative Mode]
[11:28:54] [Server thread/INFO]: gitityhead issued server command: /clear
[11:28:54] [Server thread/INFO]: [gitityhead: Removed 1 item(s) from player gitityhead]
[11:29:38] [Server thread/INFO]: gitityhead issued server command: /gamemode creative
[11:29:38] [Server thread/INFO]: [gitityhead: Set own game mode to Creative Mode]
[11:29:39] [Server thread/INFO]: gitityhead issued server command: /gamemode survival
[11:29:39] [Server thread/INFO]: [gitityhead: Set own game mode to Survival Mode]
[11:46:16] [User Authenticator #4/INFO]: UUID of player edh is 69038ad5-88bc-3547-9e54-8a2e486a10b5
[11:46:16] [Server thread/INFO]: edh joined the game
[11:46:16] [Server thread/INFO]: edh[/103.68.136.194:52416] logged in with entity id 2415 at ([world]4.5, 122.0, -4.5)
[11:46:22] [Server thread/INFO]: gitityhead issued server command: /weather clear
[11:46:22] [Server thread/INFO]: [gitityhead: Set the weather to clear]
[11:46:36] [Server thread/INFO]: gitityhead issued server command: /bw alljoin
[11:46:42] [Server thread/INFO]: edh has made the advancement [Acquire Hardware]
[11:48:12] [Server thread/WARN]: gitityhead moved too quickly! -25.430712150567622,-19.767439664952377,-73.10475223522445
[11:48:12] [Server thread/WARN]: gitityhead moved too quickly! -25.430712150567622,-19.767439664952377,-73.10475223522445
[11:48:12] [Server thread/WARN]: gitityhead moved too quickly! -25.430712150567622,-19.767439664952377,-73.10475223522445
[11:48:12] [Server thread/INFO]: edh has made the advancement [Diamonds!]
[11:48:44] [Server thread/WARN]: edh moved too quickly! 35.219619838768395,-34.756837516674395,-78.8237517795165
[11:48:44] [Server thread/WARN]: edh moved too quickly! 35.219619838768395,-34.756837516674395,-78.8237517795165
[11:49:11] [Server thread/WARN]: edh moved too quickly! 31.247489474627287,-36.2561981246746,-67.81699882871095
[11:50:05] [Server thread/WARN]: edh moved too quickly! 31.912899033406568,-35.506367361473465,-80.13288402701006
[11:50:32] [Server thread/WARN]: gitityhead moved too quickly! -32.19453965355137,52.0,64.03960133622456
[11:50:32] [Server thread/WARN]: edh moved too quickly! -0.4723375289387755,18.738228502772586,-1.2541710600867653
[11:50:32] [Server thread/WARN]: gitityhead moved too quickly! -32.19453965355137,52.0,64.03960133622456
[11:51:12] [Server thread/INFO]: gitityhead issued server command: /bw alljoin
[11:51:17] [Server thread/WARN]: gitityhead moved too quickly! 76.03110925734786,-52.0,32.3522991405371
[11:54:30] [Server thread/INFO]: edh has made the advancement [Suit Up]
[11:55:40] [Server thread/WARN]: gitityhead moved too quickly! 70.34503517545915,-14.699270759617178,28.453144344406393
[11:55:40] [Server thread/WARN]: gitityhead moved too quickly! 70.34503517545915,-14.699270759617178,28.453144344406393
[11:55:40] [Server thread/WARN]: gitityhead moved too quickly! 70.34503517545915,-14.699270759617178,28.453144344406393
[11:57:42] [Server thread/WARN]: gitityhead moved too quickly! 76.3925525326927,-30.443602681243462,29.5967562029254
[11:57:42] [Server thread/WARN]: gitityhead moved too quickly! 76.3925525326927,-30.443602681243462,29.5967562029254
[11:57:42] [Server thread/WARN]: gitityhead moved too quickly! 76.3925525326927,-30.443602681243462,29.5967562029254
[11:57:42] [Server thread/WARN]: gitityhead moved too quickly! 76.3925525326927,-30.443602681243462,29.5967562029254
[11:58:37] [Server thread/INFO]: edh has made the advancement [Take Aim]
[11:58:52] [Server thread/WARN]: gitityhead moved too quickly! 75.8997553121528,-11.324270625509442,34.94120160332733
[11:58:52] [Server thread/WARN]: gitityhead moved too quickly! 75.8997553121528,-11.324270625509442,34.94120160332733
[11:58:52] [Server thread/WARN]: gitityhead moved too quickly! 75.8997553121528,-11.324270625509442,34.94120160332733
[11:58:52] [Server thread/WARN]: gitityhead moved too quickly! 75.8997553121528,-11.324270625509442,34.94120160332733
[11:59:43] [Server thread/INFO]: edh has made the advancement [Ice Bucket Challenge]
[12:01:37] [User Authenticator #5/INFO]: UUID of player juangonzalez1984 is 0b1eb3dd-c84f-39e3-bbba-eab24d91d1cd
[12:01:38] [Server thread/INFO]: juangonzalez1984 joined the game
[12:01:38] [Server thread/INFO]: juangonzalez1984[/103.68.136.194:55724] logged in with entity id 6874 at ([world]-3.5, 123.0, 7.5)
[12:04:37] [Server thread/INFO]: gitityhead issued server command: /bw alljoin
[12:04:39] [Server thread/WARN]: gitityhead moved too quickly! -32.63691064158635,-52.0,-75.34203992532234
[12:04:39] [Server thread/WARN]: edh moved too quickly! 74.90153387269032,-52.0,27.71311903459553
[12:04:44] [Server thread/INFO]: juangonzalez1984 has made the advancement [Acquire Hardware]
[12:05:38] [Server thread/INFO]: juangonzalez1984 has made the advancement [Diamonds!]
[12:06:41] [Server thread/WARN]: gitityhead moved too quickly! -28.730076857870877,-22.574270948190218,-86.25642571794785
[12:06:41] [Server thread/WARN]: gitityhead moved too quickly! -28.730076857870877,-22.574270948190218,-86.25642571794785
[12:06:41] [Server thread/WARN]: gitityhead moved too quickly! -28.730076857870877,-22.574270948190218,-86.25642571794785
[12:06:41] [Server thread/WARN]: gitityhead moved too quickly! -28.730076857870877,-22.574270948190218,-86.25642571794785
[12:06:41] [Server thread/WARN]: gitityhead moved too quickly! -28.730076857870877,-22.574270948190218,-86.25642571794785
[12:08:26] [Server thread/WARN]: edh moved too quickly! 71.01812898208972,-34.754418869538284,28.97038489295532
[12:09:23] [Server thread/WARN]: edh moved too quickly! -0.4723375289387755,18.738228502772586,-1.2541710600867653
[12:09:23] [Server thread/WARN]: gitityhead moved too quickly! -69.43696537591576,47.2380148799533,-14.559916638030266
[12:09:23] [Server thread/WARN]: juangonzalez1984 moved too quickly! -0.4723375289387755,18.738228502772586,-1.2541710600867653
[12:09:23] [Server thread/WARN]: gitityhead moved too quickly! -69.43696537591576,47.2380148799533,-14.559916638030266
[12:09:34] [Server thread/INFO]: gitityhead issued server command: /bw alljoin
[12:09:38] [Server thread/WARN]: juangonzalez1984 moved too quickly! 73.46280490098279,-52.0,30.92409032913491
[12:09:38] [Server thread/WARN]: gitityhead moved too quickly! 31.202124695245796,-52.0,-70.97251867279978
[12:09:53] [Server thread/INFO]: juangonzalez1984 lost connection: Disconnected
[12:09:53] [Server thread/INFO]: juangonzalez1984 left the game
[12:10:49] [Server thread/WARN]: gitityhead moved too quickly! 36.21367562267914,-31.766705477780434,-75.52689918567651
[12:10:49] [Server thread/WARN]: gitityhead moved too quickly! 36.21367562267914,-31.766705477780434,-75.52689918567651
[12:10:49] [Server thread/WARN]: gitityhead moved too quickly! 36.21367562267914,-31.766705477780434,-75.52689918567651
[12:10:49] [Server thread/WARN]: gitityhead moved too quickly! 36.21367562267914,-31.766705477780434,-75.52689918567651
[12:14:44] [User Authenticator #6/INFO]: UUID of player juangonzalez1984 is 0b1eb3dd-c84f-39e3-bbba-eab24d91d1cd
[12:14:44] [Server thread/INFO]: juangonzalez1984 joined the game
[12:14:44] [Server thread/INFO]: juangonzalez1984[/103.68.136.194:55808] logged in with entity id 10986 at ([world]-0.28834400723958825, 118.0, -0.7506095623661394)
[12:15:02] [Server thread/WARN]: gitityhead moved too quickly! 33.90298582887865,-22.133271028160053,-84.47100025276974
[12:15:02] [Server thread/WARN]: gitityhead moved too quickly! 33.90298582887865,-22.133271028160053,-84.47100025276974
[12:15:02] [Server thread/WARN]: gitityhead moved too quickly! 33.90298582887865,-22.133271028160053,-84.47100025276974
[12:16:16] [Server thread/WARN]: gitityhead moved too quickly! 30.51846822268601,-33.261771497227414,-89.62329948628471
[12:16:16] [Server thread/WARN]: gitityhead moved too quickly! 30.51846822268601,-33.261771497227414,-89.62329948628471
[12:16:16] [Server thread/WARN]: gitityhead moved too quickly! 30.51846822268601,-33.261771497227414,-89.62329948628471
[12:16:16] [Server thread/WARN]: gitityhead moved too quickly! 30.51846822268601,-33.261771497227414,-89.62329948628471
[12:18:04] [Server thread/WARN]: edh moved too quickly! -33.602014485716765,-33.261771497227414,-75.07016024585468
[12:18:38] [Server thread/WARN]: gitityhead moved too quickly! 41.46293111931969,-16.954905267095626,-71.28185951422267
[12:18:38] [Server thread/WARN]: gitityhead moved too quickly! 41.46293111931969,-16.954905267095626,-71.28185951422267
[12:18:38] [Server thread/WARN]: gitityhead moved too quickly! 41.46293111931969,-16.954905267095626,-71.28185951422267
[12:18:38] [Server thread/WARN]: gitityhead moved too quickly! 41.46293111931969,-16.954905267095626,-71.28185951422267
[12:20:12] [Server thread/WARN]: edh moved too quickly! -33.602014485716765,-33.261771497227414,-75.07016024585468
[12:20:12] [Server thread/WARN]: edh moved too quickly! -33.602014485716765,-33.261771497227414,-75.07016024585468
[12:20:12] [Server thread/WARN]: edh moved too quickly! -33.602014485716765,-33.261771497227414,-75.07016024585468
[12:21:29] [Server thread/INFO]: juangonzalez1984 issued server command: /rejoin
[12:21:34] [Server thread/INFO]: juangonzalez1984 issued server command: /rejoin
[12:21:46] [Server thread/WARN]: edh moved too quickly! -33.602014485716765,-33.261771497227414,-75.07016024585468
[12:22:19] [Server thread/WARN]: edh moved too quickly! -33.602014485716765,-33.261771497227414,-75.07016024585468
[12:22:19] [Server thread/WARN]: edh moved too quickly! -33.602014485716765,-33.261771497227414,-75.07016024585468
[12:22:19] [Server thread/WARN]: edh moved too quickly! -33.602014485716765,-33.261771497227414,-75.07016024585468
[12:22:56] [Server thread/WARN]: gitityhead moved too quickly! 40.54671865343233,-26.69923695997035,-77.5111784063007
[12:22:56] [Server thread/WARN]: gitityhead moved too quickly! 40.54671865343233,-26.69923695997035,-77.5111784063007
[12:22:56] [Server thread/WARN]: gitityhead moved too quickly! 40.54671865343233,-26.69923695997035,-77.5111784063007
[12:22:56] [Server thread/WARN]: gitityhead moved too quickly! 40.54671865343233,-26.69923695997035,-77.5111784063007
[12:25:32] [Server thread/WARN]: gitityhead moved too quickly! 33.732814706411375,-11.21528219770245,-79.07118948565392
[12:25:32] [Server thread/WARN]: gitityhead moved too quickly! 33.732814706411375,-11.21528219770245,-79.07118948565392
[12:25:32] [Server thread/WARN]: gitityhead moved too quickly! 33.732814706411375,-11.21528219770245,-79.07118948565392
[12:25:32] [Server thread/WARN]: gitityhead moved too quickly! 33.732814706411375,-11.21528219770245,-79.07118948565392
[12:27:33] [Server thread/WARN]: gitityhead moved too quickly! 0.843471683753912,18.738228502772586,-5.325267885209571
[12:27:33] [Server thread/WARN]: edh moved too quickly! -30.89966465409544,51.0,59.162896184159415
[12:27:41] [Server thread/INFO]: gitityhead issued server command: /bw alljoin
[12:27:43] [Server thread/INFO]: gitityhead issued server command: /bw alljoin
[12:30:50] [Server thread/WARN]: gitityhead moved too quickly! 81.81945605405534,-11.517439214919918,33.07658934786383
[12:30:50] [Server thread/WARN]: gitityhead moved too quickly! 81.81945605405534,-11.517439214919918,33.07658934786383
[12:30:50] [Server thread/WARN]: gitityhead moved too quickly! 81.81945605405534,-11.517439214919918,33.07658934786383
[12:32:35] [Server thread/WARN]: gitityhead moved too quickly! 74.26293318229322,-33.261771497227414,31.939842987170856
[12:32:35] [Server thread/WARN]: gitityhead moved too quickly! 74.26293318229322,-33.261771497227414,31.939842987170856
[12:32:35] [Server thread/WARN]: gitityhead moved too quickly! 74.26293318229322,-33.261771497227414,31.939842987170856
[12:32:45] [Server thread/WARN]: edh moved too quickly! 28.78046257966254,-34.00572490918945,-71.77861970114027
[12:32:54] [Server thread/WARN]: juangonzalez1984 moved too quickly! -48.596781772433026,-33.261771497227414,-53.78808125769755
[12:34:23] [Server thread/WARN]: edh moved too quickly! 32.41785183475404,-33.261771497227414,-74.91198236333304
[12:34:23] [Server thread/WARN]: edh moved too quickly! 32.41785183475404,-33.261771497227414,-74.91198236333304
[12:35:09] [Server thread/WARN]: edh moved too quickly! 28.731910434552752,-33.261771497227414,-68.09226451842329
[12:35:42] [Server thread/WARN]: juangonzalez1984 moved too quickly! -28.69594435063262,-41.87556244560379,-70.34740246762313
[12:35:42] [Server thread/WARN]: juangonzalez1984 moved too quickly! -28.69594435063262,-41.87556244560379,-70.34740246762313
[12:37:47] [Server thread/WARN]: juangonzalez1984 moved too quickly! -33.602014485716765,-33.261771497227414,-75.07016024585468
[12:37:47] [Server thread/WARN]: juangonzalez1984 moved too quickly! -33.602014485716765,-33.261771497227414,-75.07016024585468
[12:40:29] [Server thread/INFO]: gitityhead issued server command: /tp edh
[12:40:29] [Server thread/INFO]: [gitityhead: Teleported gitityhead to edh]
[12:40:29] [Server thread/WARN]: gitityhead moved too quickly! 13.27370573166865,13.688148514915326,45.97569846671406
[12:40:29] [Server thread/WARN]: gitityhead moved too quickly! 13.27370573166865,13.688148514915326,45.97569846671406
[12:40:29] [Server thread/WARN]: gitityhead moved too quickly! 13.27370573166865,13.688148514915326,45.97569846671406
[12:40:29] [Server thread/WARN]: gitityhead moved too quickly! 13.27370573166865,13.688148514915326,45.97569846671406
[12:41:06] [Server thread/INFO]: juangonzalez1984 has made the advancement [Take Aim]
[12:41:24] [Server thread/WARN]: juangonzalez1984 moved too quickly! -33.60087291763054,-30.117344863819767,-70.6971540378938
[12:41:24] [Server thread/WARN]: juangonzalez1984 moved too quickly! -33.60087291763054,-30.117344863819767,-70.6971540378938
[12:41:56] [Server thread/WARN]: edh moved too quickly! -0.4723375289387755,18.738228502772586,-1.2541710600867653
[12:41:56] [Server thread/WARN]: gitityhead moved too quickly! 35.07626446473584,52.480600019097324,50.03067859030169
[12:41:56] [Server thread/WARN]: juangonzalez1984 moved too quickly! 35.056735299018406,52.0,50.10816988338731
[12:41:56] [Server thread/WARN]: gitityhead moved too quickly! 35.07626446473584,52.480600019097324,50.03067859030169
[12:42:04] [Server thread/INFO]: gitityhead issued server command: /gamemode survival @a
[12:42:04] [Server thread/INFO]: [gitityhead: Set own game mode to Survival Mode]
[12:42:08] [Server thread/INFO]: gitityhead issued server command: /bw alljoin
[12:42:10] [Server thread/WARN]: gitityhead moved too quickly! -35.74034774538373,-52.0,-72.32187903170986
[12:42:47] [Server thread/WARN]: edh moved too quickly! 74.26293318229322,-33.261771497227414,31.939842987170856
[12:42:47] [Server thread/WARN]: edh moved too quickly! 74.26293318229322,-33.261771497227414,31.939842987170856
[12:43:07] [Server thread/WARN]: gitityhead moved too quickly! -28.21949620432843,-30.26734486978023,-73.42308994923768
[12:43:07] [Server thread/WARN]: gitityhead moved too quickly! -28.21949620432843,-30.26734486978023,-73.42308994923768
[12:43:07] [Server thread/WARN]: gitityhead moved too quickly! -28.21949620432843,-30.26734486978023,-73.42308994923768
[12:43:07] [Server thread/WARN]: gitityhead moved too quickly! -28.21949620432843,-30.26734486978023,-73.42308994923768
[12:44:20] [Server thread/WARN]: juangonzalez1984 moved too quickly! 19.38277636659276,-38.87618954225397,-74.91426549106305
[12:50:35] [Server thread/INFO]: edh has made the advancement [Cover Me with Diamonds]
[12:51:20] [Server thread/INFO]: Named entity IronGolem['yellow Golem'/24408, uuid='eb44926f-0742-423a-a852-4bff6892cc64', l='ServerLevel[world]', x=49.00, y=66.00, z=17.02, cpos=[3, 1], tl=462, v=true] died: yellow Golem was shot by gitityhead
[12:52:51] [Server thread/WARN]: gitityhead moved too quickly! -33.602014485716765,-33.261771497227414,-75.07016024585468
[12:52:51] [Server thread/WARN]: gitityhead moved too quickly! -33.602014485716765,-33.261771497227414,-75.07016024585468
[12:52:51] [Server thread/WARN]: gitityhead moved too quickly! -33.602014485716765,-33.261771497227414,-75.07016024585468
[12:52:51] [Server thread/WARN]: gitityhead moved too quickly! -33.602014485716765,-33.261771497227414,-75.07016024585468
[12:52:51] [Server thread/WARN]: gitityhead moved too quickly! -33.602014485716765,-33.261771497227414,-75.07016024585468
[12:55:28] [Server thread/WARN]: gitityhead moved too quickly! -39.909656869018775,-22.76743978073901,-74.68011549666268
[12:55:28] [Server thread/WARN]: gitityhead moved too quickly! -39.909656869018775,-22.76743978073901,-74.68011549666268
[12:55:28] [Server thread/WARN]: gitityhead moved too quickly! -39.909656869018775,-22.76743978073901,-74.68011549666268
[12:55:28] [Server thread/WARN]: gitityhead moved too quickly! -39.909656869018775,-22.76743978073901,-74.68011549666268
[12:58:00] [Server thread/WARN]: juangonzalez1984 moved too quickly! 21.50571048213469,228.6743782710868,71.90840908073235
[12:58:00] [Server thread/WARN]: juangonzalez1984 moved too quickly! 21.50571048213469,228.6743782710868,71.90840908073235
[12:58:00] [Server thread/WARN]: juangonzalez1984 moved too quickly! 21.50571048213469,228.6743782710868,71.90840908073235
[12:58:00] [Server thread/WARN]: juangonzalez1984 moved too quickly! 21.50571048213469,231.9833187437329,71.90840908073235
[12:58:00] [Server thread/WARN]: juangonzalez1984 moved too quickly! 21.50571048213469,231.9833187437329,71.90840908073235
[12:58:00] [Server thread/WARN]: juangonzalez1984 moved too quickly! 21.50571048213469,231.9833187437329,71.90840908073235
[12:58:00] [Server thread/WARN]: juangonzalez1984 moved too quickly! 21.50571048213469,235.2921937437329,71.90840908073235
[12:58:00] [Server thread/WARN]: juangonzalez1984 moved too quickly! 21.50571048213469,235.2921937437329,71.90840908073235
[12:58:00] [Server thread/WARN]: juangonzalez1984 moved too quickly! 21.50571048213469,235.2921937437329,71.90840908073235
[12:58:00] [Server thread/WARN]: juangonzalez1984 moved too quickly! 21.50571048213469,238.61329130837055,71.90840908073235
[12:58:00] [Server thread/WARN]: juangonzalez1984 moved too quickly! 21.50571048213469,238.61329130837055,71.90840908073235
[12:58:00] [Server thread/WARN]: juangonzalez1984 moved too quickly! 21.50571048213469,238.61329130837055,71.90840908073235
[12:58:01] [Server thread/WARN]: juangonzalez1984 moved too quickly! 21.50571048213469,241.94636698658624,71.90840908073235
[12:58:01] [Server thread/WARN]: juangonzalez1984 moved too quickly! 21.50571048213469,241.94636698658624,71.90840908073235
[12:58:01] [Server thread/WARN]: juangonzalez1984 moved too quickly! 21.50571048213469,241.94636698658624,71.90840908073235
[12:58:01] [Server thread/WARN]: juangonzalez1984 moved too quickly! 21.50571048213469,245.29118121633687,71.90840908073235
[12:58:01] [Server thread/WARN]: juangonzalez1984 moved too quickly! 21.50571048213469,245.29118121633687,71.90840908073235
[12:58:01] [Server thread/WARN]: juangonzalez1984 moved too quickly! 21.50571048213469,245.29118121633687,71.90840908073235
[12:58:01] [Server thread/WARN]: juangonzalez1984 moved too quickly! 21.50571048213469,248.64749922681563,71.90840908073235
[12:58:01] [Server thread/WARN]: juangonzalez1984 moved too quickly! 21.50571048213469,248.64749922681563,71.90840908073235
[12:58:01] [Server thread/WARN]: juangonzalez1984 moved too quickly! 21.50571048213469,248.64749922681563,71.90840908073235
[12:58:01] [Server thread/WARN]: juangonzalez1984 moved too quickly! 21.50571048213469,252.01509094262738,71.90840908073235
[12:58:01] [Server thread/WARN]: juangonzalez1984 moved too quickly! 21.50571048213469,252.01509094262738,71.90840908073235
[12:58:01] [Server thread/WARN]: juangonzalez1984 moved too quickly! 21.50571048213469,252.01509094262738,71.90840908073235
[12:58:01] [Server thread/WARN]: juangonzalez1984 moved too quickly! 21.50571048213469,255.3937308898805,71.90840908073235
[12:58:01] [Server thread/WARN]: juangonzalez1984 moved too quickly! 21.50571048213469,255.3937308898805,71.90840908073235
[12:58:01] [Server thread/WARN]: juangonzalez1984 moved too quickly! 21.50571048213469,255.3937308898805,71.90840908073235
[12:58:01] [Server thread/WARN]: juangonzalez1984 moved too quickly! 21.50571048213469,262.18327604032254,71.90840908073235
[12:58:05] [Server thread/WARN]: gitityhead moved too quickly! -24.588344019160516,39.0,59.85718946085366
[12:58:56] [Server thread/INFO]: juangonzalez1984 lost connection: Disconnected
[12:58:56] [Server thread/INFO]: juangonzalez1984 left the game
[12:59:31] [Server thread/INFO]: gitityhead issued server command: /bw alljoin
[13:00:49] [Server thread/WARN]: edh moved too quickly! 17.724765480474787,-32.333842756354855,-102.96449616841812
[13:01:30] [Server thread/WARN]: edh moved too quickly! 32.41785183475404,-33.261771497227414,-74.91198236333304
[13:01:30] [Server thread/WARN]: edh moved too quickly! 32.41785183475404,-33.261771497227414,-74.91198236333304
[13:01:30] [Server thread/WARN]: edh moved too quickly! 32.41785183475404,-33.261771497227414,-74.91198236333304
[13:02:32] [Server thread/WARN]: edh moved too quickly! 52.19005673583301,-37.75617385051271,-56.43497622266573
[13:02:32] [Server thread/WARN]: edh moved too quickly! 52.19005673583301,-37.75617385051271,-56.43497622266573
[13:02:32] [Server thread/WARN]: edh moved too quickly! 52.19005673583301,-37.75617385051271,-56.43497622266573
[13:03:45] [Server thread/WARN]: edh moved too quickly! 16.78744857530517,-40.75493539409601,-83.4234053161519
[13:03:45] [Server thread/WARN]: edh moved too quickly! 16.78744857530517,-40.75493539409601,-83.4234053161519
[13:04:10] [Server thread/WARN]: edh moved too quickly! 32.41785183475404,-33.261771497227414,-74.91198236333304
[13:04:10] [Server thread/WARN]: edh moved too quickly! 32.41785183475404,-33.261771497227414,-74.91198236333304
[13:04:10] [Server thread/WARN]: edh moved too quickly! 32.41785183475404,-33.261771497227414,-74.91198236333304
[13:05:36] [Server thread/WARN]: edh moved too quickly! 32.41785183475404,-33.261771497227414,-74.91198236333304
[13:05:36] [Server thread/WARN]: edh moved too quickly! 32.41785183475404,-33.261771497227414,-74.91198236333304
[13:06:01] [Server thread/INFO]: gitityhead issued server command: /bw leave
[13:06:01] [Server thread/WARN]: gitityhead moved too quickly! 32.65558244916062,52.0,67.82257167520495
[13:06:01] [Server thread/WARN]: gitityhead moved too quickly! 32.65558244916062,52.0,67.82257167520495
[13:06:01] [Server thread/WARN]: gitityhead moved too quickly! 32.65558244916062,52.0,67.82257167520495
[13:06:06] [Server thread/WARN]: edh moved too quickly! -29.720106423809465,52.0,71.70019725754918
[13:06:06] [Server thread/WARN]: edh moved too quickly! -29.720106423809465,52.0,71.70019725754918
[13:06:06] [Server thread/WARN]: edh moved too quickly! -29.720106423809465,52.0,71.70019725754918
[13:06:44] [User Authenticator #7/INFO]: UUID of player Deepwallet12 is fe95960a-0e44-3559-8300-65dbd787e75a
[13:06:44] [Server thread/INFO]: Deepwallet12 joined the game
[13:06:44] [Server thread/INFO]: Deepwallet12[/103.68.136.194:63452] logged in with entity id 29378 at ([world]1.5, 118.0, -8.5)
[13:06:44] [User Authenticator #7/INFO]: UUID of player juangonzalez1984 is 0b1eb3dd-c84f-39e3-bbba-eab24d91d1cd
[13:06:45] [Server thread/INFO]: juangonzalez1984 joined the game
[13:06:45] [Server thread/INFO]: juangonzalez1984[/103.164.190.106:56027] logged in with entity id 29379 at ([world]2.8181514818435627, 118.0, 4.348166804242178)
[13:06:55] [Server thread/INFO]: gitityhead issued server command: /tp @a gitityhead
[13:06:55] [Server thread/INFO]: [gitityhead: Teleported 4 entities to gitityhead]
[13:06:59] [Server thread/INFO]: gitityhead issued server command: /bw alljoin
[13:07:15] [Server thread/INFO]: gitityhead issued server command: /bw admin vania edit
[13:07:17] [Server thread/INFO]: gitityhead issued server command: /gamemode creative
[13:07:17] [Server thread/INFO]: [gitityhead: Set own game mode to Creative Mode]
[13:07:37] [Server thread/INFO]: gitityhead issued server command: /bw admin vania team add green GREEN 1
[13:07:47] [Server thread/INFO]: edh was slain by juangonzalez1984
[13:07:49] [Server thread/INFO]: gitityhead issued server command: /bw admin vania team bed green looking_at
[13:07:58] [Server thread/INFO]: gitityhead issued server command: /bw admin vania team spawn green
[13:08:05] [Server thread/INFO]: Deepwallet12 was slain by edh
[13:08:07] [Server thread/INFO]: gitityhead issued server command: /bw admin vania spawner add gold
[13:08:10] [Server thread/INFO]: gitityhead issued server command: /bw admin vania spawner add iron
[13:08:34] [Server thread/INFO]: gitityhead issued server command: /bw admin vania store add TeamUpgrades upgradeShop.yml false
[13:08:41] [Server thread/INFO]: edh was slain by juangonzalez1984
[13:08:53] [Server thread/INFO]: gitityhead issued server command: /bw admin vania store add Store shop.yml false
[13:08:59] [Server thread/INFO]: gitityhead issued server command: /bw admin vania save
[13:09:03] [Server thread/INFO]: gitityhead issued server command: /tp @a edh
[13:09:03] [Server thread/INFO]: [gitityhead: Teleported 4 entities to edh]
[13:09:03] [Server thread/WARN]: gitityhead moved too quickly! -69.6900867107909,52.79673560066871,23.953763842700035
[13:09:03] [Server thread/WARN]: gitityhead moved too quickly! -69.6900867107909,52.79673560066871,23.953763842700035
[13:09:07] [Server thread/INFO]: gitityhead issued server command: /clear
[13:09:07] [Server thread/INFO]: [gitityhead: Removed 1 item(s) from player gitityhead]
[13:09:18] [Server thread/INFO]: gitityhead issued server command: /bw alljoin
[13:09:19] [Server thread/WARN]: gitityhead moved too quickly! -33.949647444503036,-52.0,-78.62143743510357
[13:09:30] [Server thread/INFO]: Deepwallet12 has made the advancement [Acquire Hardware]
[13:10:06] [Server thread/WARN]: juangonzalez1984 moved too quickly! 32.41785183475404,-33.261771497227414,-74.91198236333304
[13:10:26] [Server thread/INFO]: edh has made the advancement [Monster Hunter]
[13:10:34] [Server thread/INFO]: Deepwallet12 has made the advancement [Diamonds!]
[13:11:39] [Server thread/WARN]: gitityhead moved too quickly! -25.136041270993687,-30.64228140970596,-75.19541860481387
[13:11:39] [Server thread/WARN]: gitityhead moved too quickly! -25.136041270993687,-30.64228140970596,-75.19541860481387
[13:11:39] [Server thread/WARN]: gitityhead moved too quickly! -25.136041270993687,-30.64228140970596,-75.19541860481387
[13:11:39] [Server thread/WARN]: gitityhead moved too quickly! -25.136041270993687,-30.64228140970596,-75.19541860481387
[13:11:39] [Server thread/WARN]: gitityhead moved too quickly! -25.136041270993687,-30.64228140970596,-75.19541860481387
[13:12:31] [Server thread/WARN]: juangonzalez1984 moved too quickly! 32.41785183475404,-33.261771497227414,-74.91198236333304
[13:12:57] [Server thread/INFO]: Deepwallet12 has made the advancement [Suit Up]
[13:13:02] [Server thread/INFO]: edh lost connection: Disconnected
[13:13:02] [Server thread/INFO]: edh left the game
[13:13:08] [Server thread/INFO]: juangonzalez1984 lost connection: Disconnected
[13:13:08] [Server thread/INFO]: juangonzalez1984 left the game
[13:13:09] [Server thread/INFO]: gitityhead issued server command: /bw leave
[13:13:09] [Server thread/WARN]: gitityhead moved too quickly! 33.55385548110749,52.5,76.19435890064123
[13:13:09] [Server thread/WARN]: gitityhead moved too quickly! 33.55385548110749,52.5,76.19435890064123
[13:13:09] [Server thread/WARN]: gitityhead moved too quickly! 33.55385548110749,52.5,76.19435890064123
[13:13:09] [Server thread/WARN]: gitityhead moved too quickly! 33.55385548110749,52.5,76.19435890064123
[13:13:13] [Server thread/INFO]: gitityhead lost connection: Disconnected
[13:13:13] [Server thread/INFO]: gitityhead left the game
[13:13:13] [Server thread/WARN]: Deepwallet12 moved too quickly! -50.98932947314222,52.2468000194788,-8.411304549580692
[13:13:13] [Server thread/WARN]: Deepwallet12 moved too quickly! -50.98932947314222,52.2468000194788,-8.411304549580692
[13:13:13] [Server thread/WARN]: Deepwallet12 moved too quickly! -50.98932947314222,52.2468000194788,-8.411304549580692
[13:13:15] [Server thread/INFO]: Deepwallet12 lost connection: Disconnected
[13:13:15] [Server thread/INFO]: Deepwallet12 left the game
[14:35:44] [User Authenticator #8/INFO]: UUID of player gitityhead is d57e8535-52f3-35e1-87eb-f49a9cd1bab2
[14:35:44] [Server thread/INFO]: gitityhead joined the game
[14:35:44] [Server thread/INFO]: gitityhead[/103.164.190.106:51856] logged in with entity id 33152 at ([world]-1.1656936137773697, 118.0, 1.835748207750005)
[14:35:58] [Server thread/INFO]: gitityhead issued server command: /gamemode creative
[14:35:58] [Server thread/INFO]: [gitityhead: Set own game mode to Creative Mode]
[14:36:17] [Server thread/INFO]: gitityhead lost connection: Disconnected
[14:36:17] [Server thread/INFO]: gitityhead left the game
[15:05:20] [User Authenticator #9/INFO]: UUID of player gitityhead is d57e8535-52f3-35e1-87eb-f49a9cd1bab2
[15:05:20] [Server thread/INFO]: gitityhead joined the game
[15:05:20] [Server thread/INFO]: gitityhead[/103.68.136.194:52220] logged in with entity id 33499 at ([world]-0.28834400723958825, 118.0, -0.7506095623661394)
[15:05:34] [Server thread/INFO]: gitityhead issued server command: /bw admin vania edit
[15:05:37] [Server thread/INFO]: gitityhead issued server command: /gamemode creative
[15:05:37] [Server thread/INFO]: [gitityhead: Set own game mode to Creative Mode]
[15:07:33] [Server thread/INFO]: gitityhead issued server command: /bw admin vania info teams
[15:07:55] [Server thread/INFO]: gitityhead issued server command: /bw admin vania info teams
[15:08:10] [Server thread/INFO]: gitityhead issued server command: /bw admin vania info teams
[15:08:24] [Server thread/INFO]: gitityhead issued server command: /bw admin vania info teams
[15:08:55] [Server thread/INFO]: gitityhead issued server command: /bw admin vania team add cyan CYAN 1
[15:09:09] [Server thread/INFO]: gitityhead issued server command: /bw admin vania team bed cyan
[15:09:19] [Server thread/INFO]: gitityhead issued server command: /bw admin vania team spawn cyan
[15:09:46] [Server thread/INFO]: gitityhead issued server command: /bw admin vania store add TeamUpgrades upgradeShop.yml false
[15:10:02] [Server thread/INFO]: gitityhead issued server command: /bw admin vania store add Store shop.yml false
[15:10:31] [Server thread/INFO]: gitityhead issued server command: /bw admin vania spawner add gold
[15:10:33] [Server thread/INFO]: gitityhead issued server command: /bw admin vania spawner add iron
[15:10:52] [Server thread/INFO]: gitityhead issued server command: /bw admin vania team add white WHITE
[15:10:54] [Server thread/INFO]: gitityhead issued server command: /bw admin vania team add white WHITE
[15:11:00] [Server thread/INFO]: gitityhead issued server command: /bw admin vania team add white WHITE 1
[15:11:16] [Server thread/INFO]: gitityhead issued server command: /bw admin vania team bed white
[15:11:37] [Server thread/INFO]: gitityhead issued server command: /bw admin vania store add TeamUpgrades upgradeShop.yml false
[15:11:46] [Server thread/INFO]: gitityhead issued server command: /bw admin vania store add Store shop.yml false
[15:11:58] [Server thread/INFO]: gitityhead issued server command: /bw admin vania spawner add gold
[15:12:00] [Server thread/INFO]: gitityhead issued server command: /bw admin vania spawner add iron
[15:12:20] [Server thread/INFO]: gitityhead issued server command: /bw admin vania team spawn white
[15:12:33] [Server thread/INFO]: gitityhead issued server command: /bw admin vania team add pink
[15:12:36] [Server thread/INFO]: gitityhead issued server command: /bw admin vania team add pink PINK 1
[15:12:43] [Server thread/INFO]: gitityhead issued server command: /bw admin vania team bed pink
[15:12:56] [Server thread/INFO]: gitityhead issued server command: /bw admin vania store add Store shop.yml false
[15:13:03] [Server thread/INFO]: gitityhead issued server command: /bw admin vania store add TeamUpgrades upgradeShop.yml false
[15:13:22] [Server thread/INFO]: gitityhead issued server command: /bw admin vania team spawn pink
[15:13:30] [Server thread/INFO]: gitityhead issued server command: /bw admin vania spawner add iron
[15:13:33] [Server thread/INFO]: gitityhead issued server command: /bw admin vania spawner add gold
[15:14:17] [Server thread/INFO]: gitityhead issued server command: /bw admin vania team add gray GRAY 1
[15:14:23] [Server thread/INFO]: gitityhead issued server command: /bw admin vania team bed gray
[15:14:50] [Server thread/INFO]: gitityhead issued server command: /bw admin vania store add Store shop.yml false
[15:14:56] [Server thread/INFO]: gitityhead issued server command: /bw admin vania store add TeamUpgrades upgradeShop.yml false
[15:15:07] [Server thread/INFO]: gitityhead issued server command: /bw admin vania spawner add iron
[15:15:10] [Server thread/INFO]: gitityhead issued server command: /bw admin vania spawner add gold
[15:15:28] [Server thread/INFO]: gitityhead issued server command: /bw admin vania team spawn gray
[15:15:32] [Server thread/INFO]: gitityhead issued server command: /bw admin vania save
[15:15:47] [Server thread/INFO]: gitityhead issued server command: /bw admin vania edit
[15:16:05] [Server thread/INFO]: gitityhead issued server command: /bw admin vania spawner remove
[15:16:12] [Server thread/INFO]: gitityhead issued server command: /bw admin vania spawner remove
[15:16:26] [Server thread/INFO]: gitityhead issued server command: /bw admin vania save
[15:16:30] [Server thread/INFO]: gitityhead issued server command: /clear
[15:16:30] [Server thread/INFO]: [gitityhead: Removed 1 item(s) from player gitityhead]
[15:17:08] [User Authenticator #10/INFO]: UUID of player test is 530fa97a-357f-3c19-94d3-0c5c65c18fe8
[15:17:08] [Server thread/INFO]: test joined the game
[15:17:08] [Server thread/INFO]: test[/103.68.136.194:52325] logged in with entity id 34010 at ([world]-0.28834400723958825, 118.0, -0.7506095623661394)
[15:17:15] [Server thread/INFO]: gitityhead issued server command: /bw alljoin
[15:17:29] [Server thread/INFO]: gitityhead issued server command: /gamemode creative
[15:17:29] [Server thread/INFO]: [gitityhead: Set own game mode to Creative Mode]
[15:17:38] [Server thread/INFO]: gitityhead issued server command: /gamemode survival
[15:17:38] [Server thread/INFO]: [gitityhead: Set own game mode to Survival Mode]
[15:17:53] [Server thread/WARN]: test moved too quickly! -0.4723375289387755,18.738228502772586,-1.2541710600867653
[15:17:53] [Server thread/WARN]: gitityhead moved too quickly! -34.93852504101315,52.0,64.94712039006902
[15:17:53] [Server thread/WARN]: gitityhead moved too quickly! -34.93852504101315,52.0,64.94712039006902
[15:21:59] [Server thread/INFO]: gitityhead lost connection: Disconnected
[15:21:59] [Server thread/INFO]: gitityhead left the game
[15:28:50] [Server thread/INFO]: test lost connection: Disconnected
[15:28:50] [Server thread/INFO]: test left the game
[16:04:47] [User Authenticator #11/INFO]: UUID of player Fredo is fa13bf1f-5cb1-3e09-b117-2def0f8fbe2e
[16:04:49] [Server thread/INFO]: Fredo joined the game
[16:04:49] [Server thread/INFO]: Fredo[/110.137.193.74:25793] logged in with entity id 34991 at ([world]6.5, 122.0, -0.5)
[16:07:18] [Server thread/INFO]: Fredo lost connection: Disconnected
[16:07:18] [Server thread/INFO]: Fredo left the game
[17:51:11] [Server thread/INFO]: There are 0 of a max of 20 players online: 
[17:51:12] [Server thread/INFO]: Stopping the server
[17:51:13] [Server thread/INFO]: Stopping server
[17:51:13] [Server thread/INFO]: [SBA] Disabling SBA v1.5.13.4
[17:51:13] [Server thread/INFO]: [Images] Disabling Images v2.5.1
[17:51:13] [Server thread/INFO]: [BedWars] Disabling BedWars v0.2.34
[17:51:13] [Server thread/INFO]: Saving players
[17:51:13] [Server thread/INFO]: Saving worlds
[17:51:13] [Server thread/INFO]: Saving chunks for level 'ServerLevel[world]'/minecraft:overworld
[17:51:13] [Server thread/INFO]: [ChunkHolderManager] Waiting 60s for chunk system to halt for world 'world'
[17:51:13] [Server thread/INFO]: [ChunkHolderManager] Halted chunk system for world 'world'
[17:51:13] [Server thread/INFO]: [ChunkHolderManager] Saving all chunkholders for world 'world'
[17:51:13] [Server thread/INFO]: [ChunkHolderManager] Saved 1 block chunks, 3 entity chunks, 0 poi chunks in world 'world' in 0.05s
[17:51:13] [Server thread/INFO]: Saving chunks for level 'ServerLevel[world_the_end]'/minecraft:the_end
[17:51:13] [Server thread/INFO]: [ChunkHolderManager] Waiting 60s for chunk system to halt for world 'world_the_end'
[17:51:13] [Server thread/INFO]: [ChunkHolderManager] Halted chunk system for world 'world_the_end'
[17:51:13] [Server thread/INFO]: [ChunkHolderManager] Saving all chunkholders for world 'world_the_end'
[17:51:13] [Server thread/INFO]: [ChunkHolderManager] Saved 0 block chunks, 10 entity chunks, 0 poi chunks in world 'world_the_end' in 0.01s
[17:51:13] [Server thread/INFO]: ThreadedAnvilChunkStorage (world): All chunks are saved
[17:51:13] [Server thread/INFO]: ThreadedAnvilChunkStorage (DIM1): All chunks are saved
[17:51:13] [Server thread/INFO]: ThreadedAnvilChunkStorage: All dimensions are saved
